<?xml version="1.0" encoding="UTF-8"?>
<testsuite xmlns:xsi="http://www.w3.org/2001/XMLSchema-instance" xsi:noNamespaceSchemaLocation="https://maven.apache.org/surefire/maven-surefire-plugin/xsd/surefire-test-report-3.0.xsd" version="3.0" name="com.drive.student.StudentApplicationTests" time="12.409" tests="1" errors="0" skipped="0" failures="0">
  <properties>
[...]
</properties>
  <testcase name="contextLoads" classname="com.drive.student.StudentApplicationTests" time="1.6">
    <system-out><![CDATA[12:00:28.334 [main] INFO org.springframework.test.context.support.AnnotationConfigContextLoaderUtils -- Could not detect default configuration classes for test class [com.drive.student.StudentApplicationTests]: StudentApplicationTests does not declare any static, non-private, non-final, nested classes annotated with @Configuration.
12:00:28.573 [main] INFO org.springframework.boot.test.context.SpringBootTestContextBootstrapper -- Found @SpringBootConfiguration com.drive.student.StudentApplication for test class com.drive.student.StudentApplicationTests

  .   ____          _            __ _ _
 /\\ / ___'_ __ _ _(_)_ __  __ _ \ \ \ \
( ( )\___ | '_ | '_| | '_ \/ _` | \ \ \ \
 \\/  ___)| |_)| | | | | || (_| |  ) ) ) )
  '  |____| .__|_| |_|_| |_\__, | / / / /
 =========|_|==============|___/=/_/_/_/

 :: Spring Boot ::                (v3.3.2)

2024-08-18T12:00:29.909+05:30  INFO 40993 --- [student] [           main] c.drive.student.StudentApplicationTests  : Starting StudentApplicationTests using Java 22.0.2 with PID 40993 (started by akhileshv in /Users/akhileshv/Downloads/student)
2024-08-18T12:00:29.911+05:30  INFO 40993 --- [student] [           main] c.drive.student.StudentApplicationTests  : No active profile set, falling back to 1 default profile: "default"
2024-08-18T12:00:31.682+05:30  INFO 40993 --- [student] [           main] .s.d.r.c.RepositoryConfigurationDelegate : Bootstrapping Spring Data JPA repositories in DEFAULT mode.
2024-08-18T12:00:31.821+05:30  INFO 40993 --- [student] [           main] .s.d.r.c.RepositoryConfigurationDelegate : Finished Spring Data repository scanning in 130 ms. Found 1 JPA repository interface.
2024-08-18T12:00:33.150+05:30  INFO 40993 --- [student] [           main] o.hibernate.jpa.internal.util.LogHelper  : HHH000204: Processing PersistenceUnitInfo [name: default]
2024-08-18T12:00:33.255+05:30  INFO 40993 --- [student] [           main] org.hibernate.Version                    : HHH000412: Hibernate ORM core version 6.5.2.Final
2024-08-18T12:00:33.305+05:30  INFO 40993 --- [student] [           main] o.h.c.internal.RegionFactoryInitiator    : HHH000026: Second-level cache disabled
2024-08-18T12:00:34.013+05:30  INFO 40993 --- [student] [           main] o.s.o.j.p.SpringPersistenceUnitInfo      : No LoadTimeWeaver setup: ignoring JPA class transformer
2024-08-18T12:00:34.115+05:30  INFO 40993 --- [student] [           main] com.zaxxer.hikari.HikariDataSource       : HikariPool-1 - Starting...
2024-08-18T12:00:34.813+05:30  INFO 40993 --- [student] [           main] com.zaxxer.hikari.pool.HikariPool        : HikariPool-1 - Added connection org.postgresql.jdbc.PgConnection@1eab8437
2024-08-18T12:00:34.816+05:30  INFO 40993 --- [student] [           main] com.zaxxer.hikari.HikariDataSource       : HikariPool-1 - Start completed.
2024-08-18T12:00:36.277+05:30  INFO 40993 --- [student] [           main] o.h.e.t.j.p.i.JtaPlatformInitiator       : HHH000489: No JTA platform available (set 'hibernate.transaction.jta.platform' to enable JTA platform integration)
2024-08-18T12:00:36.304+05:30  WARN 40993 --- [student] [           main] o.h.engine.jdbc.spi.SqlExceptionHelper   : SQL Warning Code: 0, SQLState: 00000
2024-08-18T12:00:36.305+05:30  WARN 40993 --- [student] [           main] o.h.engine.jdbc.spi.SqlExceptionHelper   : relation "student_year_of_passing" does not exist, skipping
2024-08-18T12:00:36.306+05:30  WARN 40993 --- [student] [           main] o.h.engine.jdbc.spi.SqlExceptionHelper   : SQL Warning Code: 0, SQLState: 00000
2024-08-18T12:00:36.306+05:30  WARN 40993 --- [student] [           main] o.h.engine.jdbc.spi.SqlExceptionHelper   : table "student_year_of_passing" does not exist, skipping
2024-08-18T12:00:36.307+05:30  WARN 40993 --- [student] [           main] o.h.engine.jdbc.spi.SqlExceptionHelper   : SQL Warning Code: 0, SQLState: 00000
2024-08-18T12:00:36.307+05:30  WARN 40993 --- [student] [           main] o.h.engine.jdbc.spi.SqlExceptionHelper   : table "students" does not exist, skipping
2024-08-18T12:00:36.348+05:30  INFO 40993 --- [student] [           main] j.LocalContainerEntityManagerFactoryBean : Initialized JPA EntityManagerFactory for persistence unit 'default'
2024-08-18T12:00:37.257+05:30  WARN 40993 --- [student] [           main] JpaBaseConfiguration$JpaWebConfiguration : spring.jpa.open-in-view is enabled by default. Therefore, database queries may be performed during view rendering. Explicitly configure spring.jpa.open-in-view to disable this warning
2024-08-18T12:00:38.601+05:30  INFO 40993 --- [student] [           main] c.drive.student.StudentApplicationTests  : Started StudentApplicationTests in 9.78 seconds (process running for 12.454)
]]></system-out>
    <system-err><![CDATA[WARNING: A Java agent has been loaded dynamically (/Users/akhileshv/.m2/repository/net/bytebuddy/byte-buddy-agent/1.14.18/byte-buddy-agent-1.14.18.jar)
WARNING: If a serviceability tool is in use, please run with -XX:+EnableDynamicAgentLoading to hide this warning
WARNING: If a serviceability tool is not in use, please run with -Djdk.instrument.traceUsage for more information
WARNING: Dynamic loading of agents will be disallowed by default in a future release
]]></system-err>
  </testcase>
</testsuite>